[2016-10-09 16:46:31,861] WARNING % : Not Found: /site/css/style.css
[2016-10-09 16:46:31,932] WARNING % : Not Found: /media/delivrem/2016/10/01/image_bfiE4Pf_SV1A4d2.jpg
[2016-10-09 16:46:31,937] WARNING % : Not Found: /media/delivrem/2016/10/01/image_kMR34C5.jpg
[2016-10-09 16:46:31,998] WARNING % : Not Found: /media/delivrem/2016/10/01/image_zvpsnns.jpg
[2016-10-09 16:46:32,050] WARNING % : Not Found: /media/delivrem/2016/10/01/image_Tg7JiLF.jpg
[2016-10-09 16:46:32,050] WARNING % : Not Found: /media/delivrem/2016/10/01/image_b0Avh4g.jpg
[2016-10-09 16:46:32,052] WARNING % : Not Found: /media/delivrem/2016/10/01/image_De2gCZh.jpg
[2016-10-09 16:46:32,055] WARNING % : Not Found: /media/delivrem/2016/10/01/image_tQop7hW.jpg
[2016-10-09 16:46:32,058] WARNING % : Not Found: /media/delivrem/2016/10/01/image_hpzyXCG.jpg
[2016-10-09 16:46:32,086] WARNING % : Not Found: /media/delivrem/2016/10/01/image_kMR34C5.jpg
[2016-10-09 16:46:32,088] WARNING % : Not Found: /media/delivrem/2016/10/01/image_bfiE4Pf_SV1A4d2.jpg
[2016-10-09 16:46:32,090] WARNING % : Not Found: /media/delivrem/2016/10/01/image_UEtLhSa.jpg
[2016-10-09 16:46:32,251] WARNING % : Not Found: /media/delivrem/2016/10/01/image_bfiE4Pf.jpg
[2016-10-09 16:46:32,251] WARNING % : Not Found: /media/delivrem/2016/10/01/image_FVFyRJf.jpg
[2016-10-09 16:46:32,391] WARNING % : Not Found: /site/img/favicon.ico
[2016-10-09 16:46:34,805] WARNING % : Not Found: /site/css/style.css
[2016-10-09 16:46:34,855] WARNING % : Not Found: /media/delivrem/2016/10/01/image_bfiE4Pf_SV1A4d2.jpg
[2016-10-09 16:46:34,860] WARNING % : Not Found: /media/delivrem/2016/10/01/image_kMR34C5.jpg
[2016-10-09 16:46:34,887] WARNING % : Not Found: /media/delivrem/2016/10/01/image_zvpsnns.jpg
[2016-10-09 16:46:34,893] WARNING % : Not Found: /media/delivrem/2016/10/01/image_b0Avh4g.jpg
[2016-10-09 16:46:34,899] WARNING % : Not Found: /media/delivrem/2016/10/01/image_Tg7JiLF.jpg
[2016-10-09 16:46:34,913] WARNING % : Not Found: /media/delivrem/2016/10/01/image_De2gCZh.jpg
[2016-10-09 16:46:34,940] WARNING % : Not Found: /media/delivrem/2016/10/01/image_tQop7hW.jpg
[2016-10-09 16:46:34,942] WARNING % : Not Found: /media/delivrem/2016/10/01/image_hpzyXCG.jpg
[2016-10-09 16:46:34,946] WARNING % : Not Found: /media/delivrem/2016/10/01/image_UEtLhSa.jpg
[2016-10-09 16:46:34,952] WARNING % : Not Found: /media/delivrem/2016/10/01/image_bfiE4Pf.jpg
[2016-10-09 16:46:34,953] WARNING % : Not Found: /media/delivrem/2016/10/01/image_FVFyRJf.jpg
[2016-10-09 16:46:34,958] WARNING % : Not Found: /media/delivrem/2016/10/01/image_bfiE4Pf_SV1A4d2.jpg
[2016-10-09 16:46:36,792] WARNING % : Not Found: /delete/11/site/css/style.css
[2016-10-09 16:46:37,250] WARNING % : Not Found: /delete/11/site/img/favicon.ico
[2016-10-09 16:46:39,005] WARNING % : Not Found: /site/css/style.css
[2016-10-09 16:46:39,050] WARNING % : Not Found: /media/delivrem/2016/10/01/image_bfiE4Pf_SV1A4d2.jpg
[2016-10-09 16:46:39,055] WARNING % : Not Found: /media/delivrem/2016/10/01/image_kMR34C5.jpg
[2016-10-09 16:46:39,058] WARNING % : Not Found: /media/delivrem/2016/10/01/image_b0Avh4g.jpg
[2016-10-09 16:46:39,062] WARNING % : Not Found: /media/delivrem/2016/10/01/image_Tg7JiLF.jpg
[2016-10-09 16:46:39,062] WARNING % : Not Found: /media/delivrem/2016/10/01/image_zvpsnns.jpg
[2016-10-09 16:46:39,065] WARNING % : Not Found: /media/delivrem/2016/10/01/image_De2gCZh.jpg
[2016-10-09 16:46:39,067] WARNING % : Not Found: /media/delivrem/2016/10/01/image_tQop7hW.jpg
[2016-10-09 16:46:39,101] WARNING % : Not Found: /media/delivrem/2016/10/01/image_hpzyXCG.jpg
[2016-10-09 16:46:39,208] WARNING % : Not Found: /media/delivrem/2016/10/01/image_UEtLhSa.jpg
[2016-10-09 16:46:39,215] WARNING % : Not Found: /media/delivrem/2016/10/01/image_FVFyRJf.jpg
[2016-10-09 16:46:39,215] WARNING % : Not Found: /media/delivrem/2016/10/01/image_bfiE4Pf.jpg
